Using pre-set license
Built from '2021.1/release' branch; Version is '2021.1.0f1 (61a549675243) revision 6399305'; Using compiler version '192528614'; Build Type 'Release'
OS: 'Windows 10 Home; OS build 19041.867; Version 2004; 64bit' Language: 'ru' Physical Memory: 15993 MB
BatchMode: 1, IsHumanControllingUs: 0, StartBugReporterOnCrash: 0, Is64bit: 1, IsPro: 0

 COMMAND LINE ARGUMENTS:
C:\Program Files\Unity\Hub\Editor\2021.1.0f1\Editor\Unity.exe
-adb2
-batchMode
-noUpm
-name
AssetImportWorker0
-projectPath
C:/Users/oryeo/Desktop/Artyom/Git_Storage2/Pool_Game/Pool_Standart
-logFile
Logs/AssetImportWorker0.log
-srvPort
59168
Successfully changed project path to: C:/Users/oryeo/Desktop/Artyom/Git_Storage2/Pool_Game/Pool_Standart
C:/Users/oryeo/Desktop/Artyom/Git_Storage2/Pool_Game/Pool_Standart
Using Asset Import Pipeline V2.
Refreshing native plugins compatible for Editor in 33.67 ms, found 0 plugins.
Preloading 0 native plugins for Editor in 0.00 ms.
Initialize engine version: 2021.1.0f1 (61a549675243)
[Subsystems] Discovering subsystems at path C:/Program Files/Unity/Hub/Editor/2021.1.0f1/Editor/Data/Resources/UnitySubsystems
[Subsystems] Discovering subsystems at path C:/Users/oryeo/Desktop/Artyom/Git_Storage2/Pool_Game/Pool_Standart/Assets
GfxDevice: creating device client; threaded=0; jobified=0
Direct3D:
    Version:  Direct3D 11.0 [level 11.0]
    Renderer: NVIDIA Quadro K2100M (ID=0x11fc)
    Vendor:   NVIDIA
    VRAM:     2009 MB
    Driver:   24.21.13.9836
Initialize mono
Mono path[0] = 'C:/Program Files/Unity/Hub/Editor/2021.1.0f1/Editor/Data/Managed'
Mono path[1] = 'C:/Program Files/Unity/Hub/Editor/2021.1.0f1/Editor/Data/MonoBleedingEdge/lib/mono/unityjit'
Mono config path = 'C:/Program Files/Unity/Hub/Editor/2021.1.0f1/Editor/Data/MonoBleedingEdge/etc'
Using monoOptions --debugger-agent=transport=dt_socket,embedding=1,server=y,suspend=n,address=127.0.0.1:56720
Begin MonoManager ReloadAssembly
Registering precompiled unity dll's ...
Register platform support module: C:/Program Files/Unity/Hub/Editor/2021.1.0f1/Editor/Data/PlaybackEngines/WebGLSupport/UnityEditor.WebGL.Extensions.dll
Register platform support module: C:/Program Files/Unity/Hub/Editor/2021.1.0f1/Editor/Data/PlaybackEngines/MacStandaloneSupport/UnityEditor.OSXStandalone.Extensions.dll
Register platform support module: C:/Program Files/Unity/Hub/Editor/2021.1.0f1/Editor/Data/PlaybackEngines/WindowsStandaloneSupport/UnityEditor.WindowsStandalone.Extensions.dll
Registered in 0.004167 seconds.
Native extension for WindowsStandalone target not found
Native extension for OSXStandalone target not found
Native extension for WebGL target not found
Refreshing native plugins compatible for Editor in 31.16 ms, found 0 plugins.
Preloading 0 native plugins for Editor in 0.00 ms.
Mono: successfully reloaded assembly
- Completed reload, in  2.377 seconds
Platform modules already initialized, skipping
Registering precompiled user dll's ...
Registered in 0.000753 seconds.
Begin MonoManager ReloadAssembly
Native extension for WindowsStandalone target not found
Native extension for OSXStandalone target not found
Native extension for WebGL target not found
Refreshing native plugins compatible for Editor in 0.41 ms, found 0 plugins.
Preloading 0 native plugins for Editor in 0.00 ms.
Mono: successfully reloaded assembly
- Completed reload, in  1.166 seconds
Platform modules already initialized, skipping
========================================================================
Worker process is ready to serve import requests
Launched and connected shader compiler UnityShaderCompiler.exe after 0.05 seconds
Refreshing native plugins compatible for Editor in 0.27 ms, found 0 plugins.
Preloading 0 native plugins for Editor in 0.00 ms.
Unloading 1134 Unused Serialized files (Serialized files now loaded: 0)
System memory in use before: 58.4 MB.
System memory in use after: 58.5 MB.

Unloading 9 unused Assets to reduce memory usage. Loaded Objects now: 1591.
Total: 2.670400 ms (FindLiveObjects: 0.272600 ms CreateObjectMapping: 0.164400 ms MarkObjects: 2.161000 ms  DeleteObjects: 0.070800 ms)

========================================================================
Received Import Request.
  path: Assets/Scripts/Managers/GameManager.cs
  artifactKey: Guid(25cb6d4943f4a6f47892db009f908b0b) Importer(815301076,1909f56bfc062723c751e8b465ee728b)
Start importing Assets/Scripts/Managers/GameManager.cs using Guid(25cb6d4943f4a6f47892db009f908b0b) Importer(815301076,1909f56bfc062723c751e8b465ee728b)  -> (artifact id: 'ca7360f97ffee97f1292073490b55dc6') in 0.026537 seconds 
========================================================================
Received Import Request.
  Time since last request: 130.557221 seconds.
  path: Assets/Scripts/Managers/GameManager.cs
  artifactKey: Guid(25cb6d4943f4a6f47892db009f908b0b) Importer(815301076,1909f56bfc062723c751e8b465ee728b)
Start importing Assets/Scripts/Managers/GameManager.cs using Guid(25cb6d4943f4a6f47892db009f908b0b) Importer(815301076,1909f56bfc062723c751e8b465ee728b)  -> (artifact id: 'cd6814b4fc9d6a6d7f3298eb783b1c58') in 0.002922 seconds 
========================================================================
Received Prepare
Registering precompiled user dll's ...
Registered in 0.000888 seconds.
Begin MonoManager ReloadAssembly
Native extension for WindowsStandalone target not found
Native extension for OSXStandalone target not found
Native extension for WebGL target not found
Refreshing native plugins compatible for Editor in 0.30 ms, found 0 plugins.
Preloading 0 native plugins for Editor in 0.00 ms.
Mono: successfully reloaded assembly
- Completed reload, in  1.003 seconds
Platform modules already initialized, skipping
Refreshing native plugins compatible for Editor in 0.27 ms, found 0 plugins.
Preloading 0 native plugins for Editor in 0.00 ms.
Unloading 1128 Unused Serialized files (Serialized files now loaded: 0)
System memory in use before: 58.3 MB.
System memory in use after: 58.4 MB.

Unloading 4 unused Assets to reduce memory usage. Loaded Objects now: 1594.
Total: 2.522700 ms (FindLiveObjects: 0.292400 ms CreateObjectMapping: 0.153700 ms MarkObjects: 2.051100 ms  DeleteObjects: 0.023700 ms)

========================================================================
Received Import Request.
  Time since last request: 155.613753 seconds.
  path: Assets/Scripts/Events
  artifactKey: Guid(2cb55905146b37243a474fc1adaf51b1) Importer(815301076,1909f56bfc062723c751e8b465ee728b)
Start importing Assets/Scripts/Events using Guid(2cb55905146b37243a474fc1adaf51b1) Importer(815301076,1909f56bfc062723c751e8b465ee728b)  -> (artifact id: '4ec4ea52b707e1c70dccced3d696f778') in 0.011709 seconds 
========================================================================
Received Import Request.
  Time since last request: 24.066408 seconds.
  path: Assets/Scripts/Events/NextTurnEvent.cs
  artifactKey: Guid(dba1452ca750a6e45b124c97e0bcef9b) Importer(815301076,1909f56bfc062723c751e8b465ee728b)
Start importing Assets/Scripts/Events/NextTurnEvent.cs using Guid(dba1452ca750a6e45b124c97e0bcef9b) Importer(815301076,1909f56bfc062723c751e8b465ee728b)  -> (artifact id: '6057f0b7f81b8ec59d2612771cacd518') in 0.012256 seconds 
========================================================================
Received Import Request.
  Time since last request: 244.464812 seconds.
  path: Assets/Scripts/Events/NextTurnEvent.cs
  artifactKey: Guid(dba1452ca750a6e45b124c97e0bcef9b) Importer(815301076,1909f56bfc062723c751e8b465ee728b)
Start importing Assets/Scripts/Events/NextTurnEvent.cs using Guid(dba1452ca750a6e45b124c97e0bcef9b) Importer(815301076,1909f56bfc062723c751e8b465ee728b)  -> (artifact id: '71da4f07a4386e68b6b4f2c3007b7f54') in 0.015860 seconds 
========================================================================
Received Import Request.
  Time since last request: 2.365021 seconds.
  path: Assets/Scripts/Events/RemoveBallEvent.cs
  artifactKey: Guid(d8847bd5871733b43a29ee5d91e65ef5) Importer(815301076,1909f56bfc062723c751e8b465ee728b)
Start importing Assets/Scripts/Events/RemoveBallEvent.cs using Guid(d8847bd5871733b43a29ee5d91e65ef5) Importer(815301076,1909f56bfc062723c751e8b465ee728b)  -> (artifact id: '9590829b9033d0783875e5ee07025fc5') in 0.010801 seconds 
========================================================================
Received Prepare
Registering precompiled user dll's ...
Registered in 0.000682 seconds.
Begin MonoManager ReloadAssembly
Native extension for WindowsStandalone target not found
Native extension for OSXStandalone target not found
Native extension for WebGL target not found
Refreshing native plugins compatible for Editor in 0.28 ms, found 0 plugins.
Preloading 0 native plugins for Editor in 0.00 ms.
Mono: successfully reloaded assembly
- Completed reload, in  0.981 seconds
Platform modules already initialized, skipping
Refreshing native plugins compatible for Editor in 0.31 ms, found 0 plugins.
Preloading 0 native plugins for Editor in 0.00 ms.
Unloading 1128 Unused Serialized files (Serialized files now loaded: 0)
System memory in use before: 58.3 MB.
System memory in use after: 58.4 MB.

Unloading 5 unused Assets to reduce memory usage. Loaded Objects now: 1597.
Total: 3.836900 ms (FindLiveObjects: 0.267400 ms CreateObjectMapping: 0.153100 ms MarkObjects: 3.390400 ms  DeleteObjects: 0.023700 ms)

========================================================================
Received Import Request.
  Time since last request: 1208.054401 seconds.
  path: Assets/Scripts/Events/WrongBallTouchEvent.cs
  artifactKey: Guid(39046aaecd01d94488719c5190477ea9) Importer(815301076,1909f56bfc062723c751e8b465ee728b)
Start importing Assets/Scripts/Events/WrongBallTouchEvent.cs using Guid(39046aaecd01d94488719c5190477ea9) Importer(815301076,1909f56bfc062723c751e8b465ee728b)  -> (artifact id: '7ca31d3eafe99b821a43bbcb5ab79512') in 0.011154 seconds 
========================================================================
Received Prepare
Registering precompiled user dll's ...
Registered in 0.000722 seconds.
Begin MonoManager ReloadAssembly
Native extension for WindowsStandalone target not found
Native extension for OSXStandalone target not found
Native extension for WebGL target not found
Refreshing native plugins compatible for Editor in 0.29 ms, found 0 plugins.
Preloading 0 native plugins for Editor in 0.00 ms.
Mono: successfully reloaded assembly
- Completed reload, in  0.989 seconds
Platform modules already initialized, skipping
Refreshing native plugins compatible for Editor in 0.27 ms, found 0 plugins.
Preloading 0 native plugins for Editor in 0.00 ms.
Unloading 1129 Unused Serialized files (Serialized files now loaded: 0)
System memory in use before: 58.3 MB.
System memory in use after: 58.4 MB.

Unloading 4 unused Assets to reduce memory usage. Loaded Objects now: 1601.
Total: 5.099400 ms (FindLiveObjects: 0.713900 ms CreateObjectMapping: 0.267900 ms MarkObjects: 4.087100 ms  DeleteObjects: 0.028000 ms)

========================================================================
Received Import Request.
  Time since last request: 297.838885 seconds.
  path: Assets/Scripts/Events/WrongBallTouchEvent.cs
  artifactKey: Guid(39046aaecd01d94488719c5190477ea9) Importer(815301076,1909f56bfc062723c751e8b465ee728b)
Start importing Assets/Scripts/Events/WrongBallTouchEvent.cs using Guid(39046aaecd01d94488719c5190477ea9) Importer(815301076,1909f56bfc062723c751e8b465ee728b)  -> (artifact id: '513dba95320b8e48a8dfdbe6f8787935') in 0.009339 seconds 
========================================================================
Received Prepare
Registering precompiled user dll's ...
Registered in 0.000739 seconds.
Begin MonoManager ReloadAssembly
Native extension for WindowsStandalone target not found
Native extension for OSXStandalone target not found
Native extension for WebGL target not found
Refreshing native plugins compatible for Editor in 0.41 ms, found 0 plugins.
Preloading 0 native plugins for Editor in 0.00 ms.
Mono: successfully reloaded assembly
- Completed reload, in  1.049 seconds
Platform modules already initialized, skipping
Refreshing native plugins compatible for Editor in 0.27 ms, found 0 plugins.
Preloading 0 native plugins for Editor in 0.00 ms.
Unloading 1129 Unused Serialized files (Serialized files now loaded: 0)
System memory in use before: 58.3 MB.
System memory in use after: 58.4 MB.

Unloading 4 unused Assets to reduce memory usage. Loaded Objects now: 1604.
Total: 2.874300 ms (FindLiveObjects: 0.253800 ms CreateObjectMapping: 0.148500 ms MarkObjects: 2.450800 ms  DeleteObjects: 0.019000 ms)

========================================================================
Received Prepare
Registering precompiled user dll's ...
Registered in 0.000703 seconds.
Begin MonoManager ReloadAssembly
Native extension for WindowsStandalone target not found
Native extension for OSXStandalone target not found
Native extension for WebGL target not found
Refreshing native plugins compatible for Editor in 0.63 ms, found 0 plugins.
Preloading 0 native plugins for Editor in 0.00 ms.
Mono: successfully reloaded assembly
- Completed reload, in  1.118 seconds
Platform modules already initialized, skipping
Refreshing native plugins compatible for Editor in 0.29 ms, found 0 plugins.
Preloading 0 native plugins for Editor in 0.00 ms.
Unloading 1129 Unused Serialized files (Serialized files now loaded: 0)
System memory in use before: 58.4 MB.
System memory in use after: 58.5 MB.

Unloading 4 unused Assets to reduce memory usage. Loaded Objects now: 1607.
Total: 2.604800 ms (FindLiveObjects: 0.147200 ms CreateObjectMapping: 0.056700 ms MarkObjects: 2.386300 ms  DeleteObjects: 0.013000 ms)

AssetImportWorkerClient::OnTransportError - code=2 error=End of file
