Using pre-set license
Built from '2021.1/release' branch; Version is '2021.1.0f1 (61a549675243) revision 6399305'; Using compiler version '192528614'; Build Type 'Release'
OS: 'Windows 10 Home; OS build 19041.867; Version 2004; 64bit' Language: 'ru' Physical Memory: 15993 MB
BatchMode: 1, IsHumanControllingUs: 0, StartBugReporterOnCrash: 0, Is64bit: 1, IsPro: 0

 COMMAND LINE ARGUMENTS:
C:\Program Files\Unity\Hub\Editor\2021.1.0f1\Editor\Unity.exe
-adb2
-batchMode
-noUpm
-name
AssetImportWorker0
-projectPath
C:/Users/oryeo/Desktop/Artyom/Git_Storage2/Pool_Game/Pool_Standart
-logFile
Logs/AssetImportWorker0.log
-srvPort
57734
Successfully changed project path to: C:/Users/oryeo/Desktop/Artyom/Git_Storage2/Pool_Game/Pool_Standart
C:/Users/oryeo/Desktop/Artyom/Git_Storage2/Pool_Game/Pool_Standart
Using Asset Import Pipeline V2.
Refreshing native plugins compatible for Editor in 26.66 ms, found 0 plugins.
Preloading 0 native plugins for Editor in 0.00 ms.
Initialize engine version: 2021.1.0f1 (61a549675243)
[Subsystems] Discovering subsystems at path C:/Program Files/Unity/Hub/Editor/2021.1.0f1/Editor/Data/Resources/UnitySubsystems
[Subsystems] Discovering subsystems at path C:/Users/oryeo/Desktop/Artyom/Git_Storage2/Pool_Game/Pool_Standart/Assets
GfxDevice: creating device client; threaded=0; jobified=0
Direct3D:
    Version:  Direct3D 11.0 [level 11.0]
    Renderer: NVIDIA Quadro K2100M (ID=0x11fc)
    Vendor:   NVIDIA
    VRAM:     2009 MB
    Driver:   24.21.13.9836
Initialize mono
Mono path[0] = 'C:/Program Files/Unity/Hub/Editor/2021.1.0f1/Editor/Data/Managed'
Mono path[1] = 'C:/Program Files/Unity/Hub/Editor/2021.1.0f1/Editor/Data/MonoBleedingEdge/lib/mono/unityjit'
Mono config path = 'C:/Program Files/Unity/Hub/Editor/2021.1.0f1/Editor/Data/MonoBleedingEdge/etc'
Using monoOptions --debugger-agent=transport=dt_socket,embedding=1,server=y,suspend=n,address=127.0.0.1:56052
Begin MonoManager ReloadAssembly
Registering precompiled unity dll's ...
Register platform support module: C:/Program Files/Unity/Hub/Editor/2021.1.0f1/Editor/Data/PlaybackEngines/WebGLSupport/UnityEditor.WebGL.Extensions.dll
Register platform support module: C:/Program Files/Unity/Hub/Editor/2021.1.0f1/Editor/Data/PlaybackEngines/MacStandaloneSupport/UnityEditor.OSXStandalone.Extensions.dll
Register platform support module: C:/Program Files/Unity/Hub/Editor/2021.1.0f1/Editor/Data/PlaybackEngines/WindowsStandaloneSupport/UnityEditor.WindowsStandalone.Extensions.dll
Registered in 0.002616 seconds.
Native extension for WindowsStandalone target not found
Native extension for OSXStandalone target not found
Native extension for WebGL target not found
Refreshing native plugins compatible for Editor in 30.55 ms, found 0 plugins.
Preloading 0 native plugins for Editor in 0.00 ms.
Mono: successfully reloaded assembly
- Completed reload, in  2.365 seconds
Platform modules already initialized, skipping
Registering precompiled user dll's ...
Registered in 0.000743 seconds.
Begin MonoManager ReloadAssembly
Native extension for WindowsStandalone target not found
Native extension for OSXStandalone target not found
Native extension for WebGL target not found
Refreshing native plugins compatible for Editor in 0.31 ms, found 0 plugins.
Preloading 0 native plugins for Editor in 0.00 ms.
Mono: successfully reloaded assembly
- Completed reload, in  1.167 seconds
Platform modules already initialized, skipping
========================================================================
Worker process is ready to serve import requests
Launched and connected shader compiler UnityShaderCompiler.exe after 0.04 seconds
Refreshing native plugins compatible for Editor in 0.26 ms, found 0 plugins.
Preloading 0 native plugins for Editor in 0.00 ms.
Unloading 1133 Unused Serialized files (Serialized files now loaded: 0)
System memory in use before: 58.4 MB.
System memory in use after: 58.4 MB.

Unloading 9 unused Assets to reduce memory usage. Loaded Objects now: 1590.
Total: 2.442100 ms (FindLiveObjects: 0.157900 ms CreateObjectMapping: 0.064800 ms MarkObjects: 2.147500 ms  DeleteObjects: 0.070200 ms)

========================================================================
Received Import Request.
  path: Assets/Materials/PhysicMaterials/BallMaterial.physicMaterial
  artifactKey: Guid(13667e39b19fdd54cae7a93637085974) Importer(815301076,1909f56bfc062723c751e8b465ee728b)
Start importing Assets/Materials/PhysicMaterials/BallMaterial.physicMaterial using Guid(13667e39b19fdd54cae7a93637085974) Importer(815301076,1909f56bfc062723c751e8b465ee728b)  -> (artifact id: '771c0d0337ab549cca7ea37695f2d7aa') in 0.036090 seconds 
========================================================================
Received Import Request.
  Time since last request: 73.597082 seconds.
  path: Assets/_Scenes
  artifactKey: Guid(2552dd07697ba1048aff72de7d641f89) Importer(815301076,1909f56bfc062723c751e8b465ee728b)
Start importing Assets/_Scenes using Guid(2552dd07697ba1048aff72de7d641f89) Importer(815301076,1909f56bfc062723c751e8b465ee728b)  -> (artifact id: '512d770113f64b4067173c6f1b21ddb6') in 0.010491 seconds 
========================================================================
Received Import Request.
  Time since last request: 1.978209 seconds.
  path: Assets/Scripts/Gameplay
  artifactKey: Guid(1e7331b6d3accbe47988c0774e02facd) Importer(815301076,1909f56bfc062723c751e8b465ee728b)
Start importing Assets/Scripts/Gameplay using Guid(1e7331b6d3accbe47988c0774e02facd) Importer(815301076,1909f56bfc062723c751e8b465ee728b)  -> (artifact id: 'e4588068f8727e2f44c8b6bca0576620') in 0.010662 seconds 
========================================================================
Received Import Request.
  Time since last request: 10.011068 seconds.
  path: Assets/Scripts/Gameplay/WhiteBallControls
  artifactKey: Guid(b4db43e81a6473342b31286a557010b0) Importer(815301076,1909f56bfc062723c751e8b465ee728b)
Start importing Assets/Scripts/Gameplay/WhiteBallControls using Guid(b4db43e81a6473342b31286a557010b0) Importer(815301076,1909f56bfc062723c751e8b465ee728b)  -> (artifact id: 'fcf4a338fdc159bcbbdbffab31b4cd9b') in 0.009458 seconds 
========================================================================
Received Import Request.
  Time since last request: 6.099201 seconds.
  path: Assets/Scripts/Gameplay/BallBehaviour.cs
  artifactKey: Guid(2ff5a560941f18e4eac50ee4521996b0) Importer(815301076,1909f56bfc062723c751e8b465ee728b)
Start importing Assets/Scripts/Gameplay/BallBehaviour.cs using Guid(2ff5a560941f18e4eac50ee4521996b0) Importer(815301076,1909f56bfc062723c751e8b465ee728b)  -> (artifact id: '4ae30c0d3c959d66b9c60d168a20cca4') in 0.014125 seconds 
========================================================================
Received Import Request.
  Time since last request: 7.346198 seconds.
  path: Assets/Scripts/Gameplay/WhiteBallControls.cs
  artifactKey: Guid(15f5876c9d693fa4b809fdd7413d3166) Importer(815301076,1909f56bfc062723c751e8b465ee728b)
Start importing Assets/Scripts/Gameplay/WhiteBallControls.cs using Guid(15f5876c9d693fa4b809fdd7413d3166) Importer(815301076,1909f56bfc062723c751e8b465ee728b)  -> (artifact id: 'fdcbd3bcf1bcf06cb5b302eca1c54744') in 0.002961 seconds 
========================================================================
Received Import Request.
  Time since last request: 48.588878 seconds.
  path: Assets/Scripts/Gameplay/WhiteBallControls.cs
  artifactKey: Guid(15f5876c9d693fa4b809fdd7413d3166) Importer(815301076,1909f56bfc062723c751e8b465ee728b)
Start importing Assets/Scripts/Gameplay/WhiteBallControls.cs using Guid(15f5876c9d693fa4b809fdd7413d3166) Importer(815301076,1909f56bfc062723c751e8b465ee728b)  -> (artifact id: '7c34d07c18db4595ca2778b1fabc4243') in 0.008355 seconds 
========================================================================
Received Import Request.
  Time since last request: 138.009046 seconds.
  path: Assets/Scripts/Gameplay/WhiteBallControls.cs
  artifactKey: Guid(15f5876c9d693fa4b809fdd7413d3166) Importer(815301076,1909f56bfc062723c751e8b465ee728b)
Start importing Assets/Scripts/Gameplay/WhiteBallControls.cs using Guid(15f5876c9d693fa4b809fdd7413d3166) Importer(815301076,1909f56bfc062723c751e8b465ee728b)  -> (artifact id: 'e371414bf68da3f3bdbf5ec8ac42a135') in 0.003412 seconds 
========================================================================
Received Prepare
Registering precompiled user dll's ...
Registered in 0.000794 seconds.
Begin MonoManager ReloadAssembly
Native extension for WindowsStandalone target not found
Native extension for OSXStandalone target not found
Native extension for WebGL target not found
Refreshing native plugins compatible for Editor in 0.27 ms, found 0 plugins.
Preloading 0 native plugins for Editor in 0.00 ms.
Mono: successfully reloaded assembly
- Completed reload, in  0.983 seconds
Platform modules already initialized, skipping
Refreshing native plugins compatible for Editor in 0.33 ms, found 0 plugins.
Preloading 0 native plugins for Editor in 0.00 ms.
Unloading 1128 Unused Serialized files (Serialized files now loaded: 0)
System memory in use before: 58.3 MB.
System memory in use after: 58.4 MB.

Unloading 4 unused Assets to reduce memory usage. Loaded Objects now: 1594.
Total: 2.353000 ms (FindLiveObjects: 0.289200 ms CreateObjectMapping: 0.159100 ms MarkObjects: 1.874600 ms  DeleteObjects: 0.025700 ms)

========================================================================
Received Import Request.
  Time since last request: 255.998671 seconds.
  path: ProjectSettings/TagManager.asset
  artifactKey: Guid(00000000000000003000000000000000) Importer(815301076,1909f56bfc062723c751e8b465ee728b)
Start importing ProjectSettings/TagManager.asset using Guid(00000000000000003000000000000000) Importer(815301076,1909f56bfc062723c751e8b465ee728b)  -> (artifact id: 'eed28062a3324e6993f6fda09b65004a') in 0.020960 seconds 
========================================================================
Received Prepare
Registering precompiled user dll's ...
Registered in 0.000728 seconds.
Begin MonoManager ReloadAssembly
Native extension for WindowsStandalone target not found
Native extension for OSXStandalone target not found
Native extension for WebGL target not found
Refreshing native plugins compatible for Editor in 0.27 ms, found 0 plugins.
Preloading 0 native plugins for Editor in 0.00 ms.
Mono: successfully reloaded assembly
- Completed reload, in  0.961 seconds
Platform modules already initialized, skipping
Refreshing native plugins compatible for Editor in 0.30 ms, found 0 plugins.
Preloading 0 native plugins for Editor in 0.00 ms.
Unloading 1128 Unused Serialized files (Serialized files now loaded: 0)
System memory in use before: 58.3 MB.
System memory in use after: 58.4 MB.

Unloading 5 unused Assets to reduce memory usage. Loaded Objects now: 1597.
Total: 2.500600 ms (FindLiveObjects: 0.232000 ms CreateObjectMapping: 0.121000 ms MarkObjects: 2.131300 ms  DeleteObjects: 0.014700 ms)

========================================================================
Received Prepare
Registering precompiled user dll's ...
Registered in 0.001438 seconds.
Begin MonoManager ReloadAssembly
Native extension for WindowsStandalone target not found
Native extension for OSXStandalone target not found
Native extension for WebGL target not found
Refreshing native plugins compatible for Editor in 0.28 ms, found 0 plugins.
Preloading 0 native plugins for Editor in 0.00 ms.
Mono: successfully reloaded assembly
- Completed reload, in  1.059 seconds
Platform modules already initialized, skipping
Refreshing native plugins compatible for Editor in 0.33 ms, found 0 plugins.
Preloading 0 native plugins for Editor in 0.00 ms.
Unloading 1128 Unused Serialized files (Serialized files now loaded: 0)
System memory in use before: 58.3 MB.
System memory in use after: 58.4 MB.

Unloading 4 unused Assets to reduce memory usage. Loaded Objects now: 1600.
Total: 2.334000 ms (FindLiveObjects: 0.193000 ms CreateObjectMapping: 0.058800 ms MarkObjects: 2.048200 ms  DeleteObjects: 0.032700 ms)

========================================================================
Received Prepare
Registering precompiled user dll's ...
Registered in 0.001149 seconds.
Begin MonoManager ReloadAssembly
Native extension for WindowsStandalone target not found
Native extension for OSXStandalone target not found
Native extension for WebGL target not found
Refreshing native plugins compatible for Editor in 0.52 ms, found 0 plugins.
Preloading 0 native plugins for Editor in 0.00 ms.
Mono: successfully reloaded assembly
- Completed reload, in  0.967 seconds
Platform modules already initialized, skipping
Refreshing native plugins compatible for Editor in 0.31 ms, found 0 plugins.
Preloading 0 native plugins for Editor in 0.00 ms.
Unloading 1128 Unused Serialized files (Serialized files now loaded: 0)
System memory in use before: 58.3 MB.
System memory in use after: 58.4 MB.

Unloading 4 unused Assets to reduce memory usage. Loaded Objects now: 1603.
Total: 2.844200 ms (FindLiveObjects: 0.223300 ms CreateObjectMapping: 0.111200 ms MarkObjects: 2.490000 ms  DeleteObjects: 0.017400 ms)

========================================================================
Received Prepare
Registering precompiled user dll's ...
Registered in 0.000779 seconds.
Begin MonoManager ReloadAssembly
Native extension for WindowsStandalone target not found
Native extension for OSXStandalone target not found
Native extension for WebGL target not found
Refreshing native plugins compatible for Editor in 0.33 ms, found 0 plugins.
Preloading 0 native plugins for Editor in 0.00 ms.
Mono: successfully reloaded assembly
- Completed reload, in  0.955 seconds
Platform modules already initialized, skipping
Refreshing native plugins compatible for Editor in 0.31 ms, found 0 plugins.
Preloading 0 native plugins for Editor in 0.00 ms.
Unloading 1128 Unused Serialized files (Serialized files now loaded: 0)
System memory in use before: 58.3 MB.
System memory in use after: 58.4 MB.

Unloading 4 unused Assets to reduce memory usage. Loaded Objects now: 1606.
Total: 2.418900 ms (FindLiveObjects: 0.148800 ms CreateObjectMapping: 0.055000 ms MarkObjects: 2.186700 ms  DeleteObjects: 0.026900 ms)

========================================================================
Received Prepare
Registering precompiled user dll's ...
Registered in 0.000746 seconds.
Begin MonoManager ReloadAssembly
Native extension for WindowsStandalone target not found
Native extension for OSXStandalone target not found
Native extension for WebGL target not found
Refreshing native plugins compatible for Editor in 0.62 ms, found 0 plugins.
Preloading 0 native plugins for Editor in 0.00 ms.
Mono: successfully reloaded assembly
- Completed reload, in  2.136 seconds
Platform modules already initialized, skipping
Refreshing native plugins compatible for Editor in 0.27 ms, found 0 plugins.
Preloading 0 native plugins for Editor in 0.00 ms.
Unloading 1128 Unused Serialized files (Serialized files now loaded: 0)
System memory in use before: 58.3 MB.
System memory in use after: 58.4 MB.

Unloading 4 unused Assets to reduce memory usage. Loaded Objects now: 1609.
Total: 2.448600 ms (FindLiveObjects: 0.210700 ms CreateObjectMapping: 0.101200 ms MarkObjects: 2.119100 ms  DeleteObjects: 0.015900 ms)

========================================================================
Received Prepare
Registering precompiled user dll's ...
Registered in 0.000714 seconds.
Begin MonoManager ReloadAssembly
Native extension for WindowsStandalone target not found
Native extension for OSXStandalone target not found
Native extension for WebGL target not found
Refreshing native plugins compatible for Editor in 0.55 ms, found 0 plugins.
Preloading 0 native plugins for Editor in 0.00 ms.
Mono: successfully reloaded assembly
- Completed reload, in  0.983 seconds
Platform modules already initialized, skipping
Refreshing native plugins compatible for Editor in 0.31 ms, found 0 plugins.
Preloading 0 native plugins for Editor in 0.00 ms.
Unloading 1128 Unused Serialized files (Serialized files now loaded: 0)
System memory in use before: 58.4 MB.
System memory in use after: 58.5 MB.

Unloading 4 unused Assets to reduce memory usage. Loaded Objects now: 1612.
Total: 2.493300 ms (FindLiveObjects: 0.185400 ms CreateObjectMapping: 0.099200 ms MarkObjects: 2.175800 ms  DeleteObjects: 0.031900 ms)

========================================================================
Received Prepare
Registering precompiled user dll's ...
Registered in 0.000705 seconds.
Begin MonoManager ReloadAssembly
Native extension for WindowsStandalone target not found
Native extension for OSXStandalone target not found
Native extension for WebGL target not found
Refreshing native plugins compatible for Editor in 0.81 ms, found 0 plugins.
Preloading 0 native plugins for Editor in 0.00 ms.
Mono: successfully reloaded assembly
- Completed reload, in  0.950 seconds
Platform modules already initialized, skipping
Refreshing native plugins compatible for Editor in 0.31 ms, found 0 plugins.
Preloading 0 native plugins for Editor in 0.00 ms.
Unloading 1128 Unused Serialized files (Serialized files now loaded: 0)
System memory in use before: 58.4 MB.
System memory in use after: 58.5 MB.

Unloading 4 unused Assets to reduce memory usage. Loaded Objects now: 1615.
Total: 2.110800 ms (FindLiveObjects: 0.231900 ms CreateObjectMapping: 0.065400 ms MarkObjects: 1.795800 ms  DeleteObjects: 0.015900 ms)

========================================================================
Received Prepare
Registering precompiled user dll's ...
Registered in 0.000825 seconds.
Begin MonoManager ReloadAssembly
Native extension for WindowsStandalone target not found
Native extension for OSXStandalone target not found
Native extension for WebGL target not found
Refreshing native plugins compatible for Editor in 0.27 ms, found 0 plugins.
Preloading 0 native plugins for Editor in 0.00 ms.
Mono: successfully reloaded assembly
- Completed reload, in  0.965 seconds
Platform modules already initialized, skipping
Refreshing native plugins compatible for Editor in 0.26 ms, found 0 plugins.
Preloading 0 native plugins for Editor in 0.00 ms.
Unloading 1128 Unused Serialized files (Serialized files now loaded: 0)
System memory in use before: 58.4 MB.
System memory in use after: 58.5 MB.

Unloading 4 unused Assets to reduce memory usage. Loaded Objects now: 1618.
Total: 2.603300 ms (FindLiveObjects: 0.198300 ms CreateObjectMapping: 0.103000 ms MarkObjects: 2.284400 ms  DeleteObjects: 0.014800 ms)

========================================================================
Received Prepare
Registering precompiled user dll's ...
Registered in 0.000975 seconds.
Begin MonoManager ReloadAssembly
Native extension for WindowsStandalone target not found
Native extension for OSXStandalone target not found
Native extension for WebGL target not found
Refreshing native plugins compatible for Editor in 0.27 ms, found 0 plugins.
Preloading 0 native plugins for Editor in 0.00 ms.
Mono: successfully reloaded assembly
- Completed reload, in  1.022 seconds
Platform modules already initialized, skipping
Refreshing native plugins compatible for Editor in 0.31 ms, found 0 plugins.
Preloading 0 native plugins for Editor in 0.00 ms.
Unloading 1128 Unused Serialized files (Serialized files now loaded: 0)
System memory in use before: 58.4 MB.
System memory in use after: 58.5 MB.

Unloading 4 unused Assets to reduce memory usage. Loaded Objects now: 1621.
Total: 3.376500 ms (FindLiveObjects: 0.160300 ms CreateObjectMapping: 0.055800 ms MarkObjects: 3.132100 ms  DeleteObjects: 0.026300 ms)

========================================================================
Received Prepare
Registering precompiled user dll's ...
Registered in 0.000840 seconds.
Begin MonoManager ReloadAssembly
Native extension for WindowsStandalone target not found
Native extension for OSXStandalone target not found
Native extension for WebGL target not found
Refreshing native plugins compatible for Editor in 0.30 ms, found 0 plugins.
Preloading 0 native plugins for Editor in 0.00 ms.
Mono: successfully reloaded assembly
- Completed reload, in  1.152 seconds
Platform modules already initialized, skipping
Refreshing native plugins compatible for Editor in 0.26 ms, found 0 plugins.
Preloading 0 native plugins for Editor in 0.00 ms.
Unloading 1128 Unused Serialized files (Serialized files now loaded: 0)
System memory in use before: 58.4 MB.
System memory in use after: 58.5 MB.

Unloading 4 unused Assets to reduce memory usage. Loaded Objects now: 1624.
Total: 2.398900 ms (FindLiveObjects: 0.140400 ms CreateObjectMapping: 0.044300 ms MarkObjects: 2.198000 ms  DeleteObjects: 0.014800 ms)

AssetImportWorkerClient::OnTransportError - code=2 error=End of file
